0 info it worked if it ends with ok
1 verbose cli [ 'node',
1 verbose cli   '/usr/local/bin/npm',
1 verbose cli   'install',
1 verbose cli   '-g',
1 verbose cli   'jshint',
1 verbose cli   '--save-dev' ]
2 info using npm@1.4.28
3 info using node@v0.10.32
4 verbose cache add [ 'jshint', null ]
5 verbose cache add name=undefined spec="jshint" args=["jshint",null]
6 verbose parsed url { protocol: null,
6 verbose parsed url   slashes: null,
6 verbose parsed url   auth: null,
6 verbose parsed url   host: null,
6 verbose parsed url   port: null,
6 verbose parsed url   hostname: null,
6 verbose parsed url   hash: null,
6 verbose parsed url   search: null,
6 verbose parsed url   query: null,
6 verbose parsed url   pathname: 'jshint',
6 verbose parsed url   path: 'jshint',
6 verbose parsed url   href: 'jshint' }
7 silly lockFile da5c03cb-jshint jshint
8 verbose lock jshint /Users/arsdehnel/.npm/da5c03cb-jshint.lock
9 silly lockFile da5c03cb-jshint jshint
10 silly lockFile da5c03cb-jshint jshint
11 verbose addNamed [ 'jshint', '' ]
12 verbose addNamed [ null, '*' ]
13 silly lockFile a02a2468-jshint jshint@
14 verbose lock jshint@ /Users/arsdehnel/.npm/a02a2468-jshint.lock
15 silly addNameRange { name: 'jshint', range: '*', hasData: false }
16 verbose request where is /jshint
17 verbose request registry https://registry.npmjs.org/
18 verbose request id 97c7822fbae3b54b
19 verbose url raw /jshint
20 verbose url resolving [ 'https://registry.npmjs.org/', './jshint' ]
21 verbose url resolved https://registry.npmjs.org/jshint
22 verbose request where is https://registry.npmjs.org/jshint
23 info trying registry request attempt 1 at 20:55:20
24 verbose etag "44ZQNJDZFZB62AKTVATA7ZYS0"
25 http GET https://registry.npmjs.org/jshint
26 http 200 https://registry.npmjs.org/jshint
27 silly registry.get cb [ 200,
27 silly registry.get   { date: 'Wed, 04 Feb 2015 02:55:20 GMT',
27 silly registry.get     server: 'CouchDB/1.5.0 (Erlang OTP/R16B03)',
27 silly registry.get     etag: '"2EDGKZQ8DJAZNLI5FYYX1GYKO"',
27 silly registry.get     'content-type': 'application/json',
27 silly registry.get     'cache-control': 'max-age=60',
27 silly registry.get     'content-length': '90855',
27 silly registry.get     'accept-ranges': 'bytes',
27 silly registry.get     via: '1.1 varnish',
27 silly registry.get     age: '0',
27 silly registry.get     'x-served-by': 'cache-ord1729-ORD',
27 silly registry.get     'x-cache': 'HIT',
27 silly registry.get     'x-cache-hits': '1',
27 silly registry.get     'x-timer': 'S1423018519.893848,VS0,VE273',
27 silly registry.get     vary: 'Accept',
27 silly registry.get     'keep-alive': 'timeout=10, max=50',
27 silly registry.get     connection: 'Keep-Alive' } ]
28 silly addNameRange number 2 { name: 'jshint', range: '*', hasData: true }
29 silly addNameRange versions [ 'jshint',
29 silly addNameRange   [ '0.1.8',
29 silly addNameRange     '0.1.9',
29 silly addNameRange     '0.2.0',
29 silly addNameRange     '0.2.1',
29 silly addNameRange     '0.2.2',
29 silly addNameRange     '0.2.3',
29 silly addNameRange     '0.3.0',
29 silly addNameRange     '0.3.1',
29 silly addNameRange     '0.4.0',
29 silly addNameRange     '0.5.0',
29 silly addNameRange     '0.5.1',
29 silly addNameRange     '0.5.2',
29 silly addNameRange     '0.5.3',
29 silly addNameRange     '0.5.4',
29 silly addNameRange     '0.5.5',
29 silly addNameRange     '0.5.6',
29 silly addNameRange     '0.5.7',
29 silly addNameRange     '0.5.8',
29 silly addNameRange     '0.5.9',
29 silly addNameRange     '0.6.0',
29 silly addNameRange     '0.6.1',
29 silly addNameRange     '0.6.2',
29 silly addNameRange     '0.6.3',
29 silly addNameRange     '0.7.0',
29 silly addNameRange     '0.7.1',
29 silly addNameRange     '0.7.2',
29 silly addNameRange     '0.7.3',
29 silly addNameRange     '0.8.0',
29 silly addNameRange     '0.8.1',
29 silly addNameRange     '0.8.2',
29 silly addNameRange     '0.9.0',
29 silly addNameRange     '0.9.1',
29 silly addNameRange     '1.0.0',
29 silly addNameRange     '1.1.0',
29 silly addNameRange     '2.0.0',
29 silly addNameRange     '2.0.1',
29 silly addNameRange     '2.1.0',
29 silly addNameRange     '2.1.1',
29 silly addNameRange     '2.1.2',
29 silly addNameRange     '2.1.3',
29 silly addNameRange     '2.1.4',
29 silly addNameRange     '2.1.5',
29 silly addNameRange     '2.1.6',
29 silly addNameRange     '2.1.7',
29 silly addNameRange     '2.1.8',
29 silly addNameRange     '2.1.9',
29 silly addNameRange     '2.1.10',
29 silly addNameRange     '2.1.11',
29 silly addNameRange     '2.2.0',
29 silly addNameRange     '2.3.0',
29 silly addNameRange     '2.4.0',
29 silly addNameRange     '2.4.1',
29 silly addNameRange     '2.4.2',
29 silly addNameRange     '2.4.3',
29 silly addNameRange     '2.4.4',
29 silly addNameRange     '2.5.0',
29 silly addNameRange     '2.5.1',
29 silly addNameRange     '2.5.2',
29 silly addNameRange     '2.5.3',
29 silly addNameRange     '2.5.4',
29 silly addNameRange     '2.5.5',
29 silly addNameRange     '2.5.6',
29 silly addNameRange     '2.5.7',
29 silly addNameRange     '2.5.8',
29 silly addNameRange     '2.5.9',
29 silly addNameRange     '2.5.10',
29 silly addNameRange     '2.5.11',
29 silly addNameRange     '2.6.0' ] ]
30 verbose addNamed [ 'jshint', '2.6.0' ]
31 verbose addNamed [ '2.6.0', '2.6.0' ]
32 silly lockFile 27126dd9-jshint-2-6-0 jshint@2.6.0
33 verbose lock jshint@2.6.0 /Users/arsdehnel/.npm/27126dd9-jshint-2-6-0.lock
34 silly lockFile 27126dd9-jshint-2-6-0 jshint@2.6.0
35 silly lockFile 27126dd9-jshint-2-6-0 jshint@2.6.0
36 silly lockFile a02a2468-jshint jshint@
37 silly lockFile a02a2468-jshint jshint@
38 silly resolved [ { name: 'jshint',
38 silly resolved     version: '2.6.0',
38 silly resolved     homepage: 'http://jshint.com/',
38 silly resolved     description: 'Static analysis tool for JavaScript',
38 silly resolved     author:
38 silly resolved      { name: 'Anton Kovalyov',
38 silly resolved        email: 'anton@kovalyov.net',
38 silly resolved        url: 'http://anton.kovalyov.net/' },
38 silly resolved     repository: { type: 'git', url: 'https://github.com/jshint/jshint.git' },
38 silly resolved     bugs: { url: 'https://github.com/jshint/jshint/issues' },
38 silly resolved     bin: { jshint: './bin/jshint' },
38 silly resolved     scripts:
38 silly resolved      { build: 'node bin/build',
38 silly resolved        coverage: 'istanbul -- cover ./node_modules/.bin/nodeunit tests/unit',
38 silly resolved        data: 'node scripts/generate-identifier-data',
38 silly resolved        pretest: 'jshint src && jscs src',
38 silly resolved        test: 'nodeunit tests tests/regression tests/unit' },
38 silly resolved     main: './src/jshint.js',
38 silly resolved     dependencies:
38 silly resolved      { cli: '0.6.x',
38 silly resolved        'console-browserify': '1.1.x',
38 silly resolved        exit: '0.1.x',
38 silly resolved        htmlparser2: '3.8.x',
38 silly resolved        minimatch: '1.0.x',
38 silly resolved        shelljs: '0.3.x',
38 silly resolved        'strip-json-comments': '1.0.x',
38 silly resolved        underscore: '1.6.x' },
38 silly resolved     devDependencies:
38 silly resolved      { browserify: '6.x',
38 silly resolved        coveralls: '2.11.x',
38 silly resolved        istanbul: '0.3.x',
38 silly resolved        jscs: '1.9.x',
38 silly resolved        jshint: '2.5.x',
38 silly resolved        'mock-stdin': '0.3.x',
38 silly resolved        nodeunit: '0.9.x',
38 silly resolved        regenerate: '1.0.x',
38 silly resolved        sinon: '1.11.x',
38 silly resolved        'unicode-6.3.0': '0.1.x' },
38 silly resolved     licenses: [ [Object] ],
38 silly resolved     preferGlobal: true,
38 silly resolved     files: [ 'bin', 'data', 'dist', 'src' ],
38 silly resolved     gitHead: 'f1fabe31294552a05d41259e64bb83427bfb2f7f',
38 silly resolved     _id: 'jshint@2.6.0',
38 silly resolved     _shasum: '04e59d04da83aa32301d89115628274871597f33',
38 silly resolved     _from: 'jshint@',
38 silly resolved     _npmVersion: '2.1.18',
38 silly resolved     _nodeVersion: '0.10.35',
38 silly resolved     _npmUser: { name: 'rwaldron', email: 'waldron.rick@gmail.com' },
38 silly resolved     maintainers: [ [Object], [Object] ],
38 silly resolved     dist:
38 silly resolved      { shasum: '04e59d04da83aa32301d89115628274871597f33',
38 silly resolved        tarball: 'http://registry.npmjs.org/jshint/-/jshint-2.6.0.tgz' },
38 silly resolved     directories: {},
38 silly resolved     _resolved: 'https://registry.npmjs.org/jshint/-/jshint-2.6.0.tgz',
38 silly resolved     readme: 'ERROR: No README data found!' } ]
39 info install jshint@2.6.0 into /usr/local/lib
40 info installOne jshint@2.6.0
41 verbose lib/node_modules/jshint unbuild
42 verbose tar unpack /Users/arsdehnel/.npm/jshint/2.6.0/package.tgz
43 silly lockFile 59dfcd45-sr-local-lib-node-modules-jshint tar:///usr/local/lib/node_modules/jshint
44 verbose lock tar:///usr/local/lib/node_modules/jshint /Users/arsdehnel/.npm/59dfcd45-sr-local-lib-node-modules-jshint.lock
45 silly lockFile e580ea80-nel-npm-jshint-2-6-0-package-tgz tar:///Users/arsdehnel/.npm/jshint/2.6.0/package.tgz
46 verbose lock tar:///Users/arsdehnel/.npm/jshint/2.6.0/package.tgz /Users/arsdehnel/.npm/e580ea80-nel-npm-jshint-2-6-0-package-tgz.lock
47 silly gunzTarPerm modes [ '755', '644' ]
48 error Error: EACCES, mkdir '/usr/local/lib/node_modules/jshint'
48 error  { [Error: EACCES, mkdir '/usr/local/lib/node_modules/jshint']
48 error   errno: 3,
48 error   code: 'EACCES',
48 error   path: '/usr/local/lib/node_modules/jshint',
48 error   fstream_type: 'Directory',
48 error   fstream_path: '/usr/local/lib/node_modules/jshint',
48 error   fstream_class: 'DirWriter',
48 error   fstream_stack:
48 error    [ '/usr/local/lib/node_modules/npm/node_modules/fstream/lib/dir-writer.js:36:23',
48 error      '/usr/local/lib/node_modules/npm/node_modules/mkdirp/index.js:46:53',
48 error      'Object.oncomplete (fs.js:107:15)' ] }
49 error Please try running this command again as root/Administrator.
50 error System Darwin 14.1.0
51 error command "node" "/usr/local/bin/npm" "install" "-g" "jshint" "--save-dev"
52 error cwd /Users/arsdehnel/Sites/auto-dynamic-forms/framework
53 error node -v v0.10.32
54 error npm -v 1.4.28
55 error path /usr/local/lib/node_modules/jshint
56 error fstream_path /usr/local/lib/node_modules/jshint
57 error fstream_type Directory
58 error fstream_class DirWriter
59 error code EACCES
60 error errno 3
61 error stack Error: EACCES, mkdir '/usr/local/lib/node_modules/jshint'
62 error fstream_stack /usr/local/lib/node_modules/npm/node_modules/fstream/lib/dir-writer.js:36:23
62 error fstream_stack /usr/local/lib/node_modules/npm/node_modules/mkdirp/index.js:46:53
62 error fstream_stack Object.oncomplete (fs.js:107:15)
63 verbose exit [ 3, true ]
